2017-06-05 06:06:56,808 ERROR 1159 nodejs.ClusterClientNoResponseError: client no response in 10809980ms exceeding maxIdleTime 30000ms, maybe the connection is close on other side.
    at Timeout.Leader._heartbeatTimer.setInterval [as _onTimeout] (/Users/wujunyi/Desktop/node/eggRest/node_modules/.1.6.4@cluster-client/lib/leader.js:72:23)
    at ontimeout (timers.js:365:14)
    at tryOnTimeout (timers.js:237:5)
    at Timer.listOnTimeout (timers.js:207:5)
name: 'ClusterClientNoResponseError'
pid: 1159
hostname: 192.168.1.4

2017-06-05 09:18:58,518 ERROR 1159 nodejs.ClusterClientNoResponseError: client no response in 11521347ms exceeding maxIdleTime 30000ms, maybe the connection is close on other side.
    at Timeout.Leader._heartbeatTimer.setInterval [as _onTimeout] (/Users/wujunyi/Desktop/node/eggRest/node_modules/.1.6.4@cluster-client/lib/leader.js:72:23)
    at ontimeout (timers.js:365:14)
    at tryOnTimeout (timers.js:237:5)
    at Timer.listOnTimeout (timers.js:207:5)
name: 'ClusterClientNoResponseError'
pid: 1159
hostname: 192.168.1.4

2017-06-05 11:43:44,019 ERROR 1159 nodejs.ClusterClientNoResponseError: client no response in 182546ms exceeding maxIdleTime 30000ms, maybe the connection is close on other side.
    at Timeout.Leader._heartbeatTimer.setInterval [as _onTimeout] (/Users/wujunyi/Desktop/node/eggRest/node_modules/.1.6.4@cluster-client/lib/leader.js:72:23)
    at ontimeout (timers.js:365:14)
    at tryOnTimeout (timers.js:237:5)
    at Timer.listOnTimeout (timers.js:207:5)
name: 'ClusterClientNoResponseError'
pid: 1159
hostname: 192.168.1.4

2017-06-05 11:57:35,275 ERROR 1159 nodejs.ClusterClientNoResponseError: client no response in 790651ms exceeding maxIdleTime 30000ms, maybe the connection is close on other side.
    at Timeout.Leader._heartbeatTimer.setInterval [as _onTimeout] (/Users/wujunyi/Desktop/node/eggRest/node_modules/.1.6.4@cluster-client/lib/leader.js:72:23)
    at ontimeout (timers.js:365:14)
    at tryOnTimeout (timers.js:237:5)
    at Timer.listOnTimeout (timers.js:207:5)
name: 'ClusterClientNoResponseError'
pid: 1159
hostname: 192.168.1.4

2017-06-05 13:23:18,665 ERROR 1159 nodejs.ClusterClientNoResponseError: client no response in 1051132ms exceeding maxIdleTime 30000ms, maybe the connection is close on other side.
    at Timeout.Leader._heartbeatTimer.setInterval [as _onTimeout] (/Users/wujunyi/Desktop/node/eggRest/node_modules/.1.6.4@cluster-client/lib/leader.js:72:23)
    at ontimeout (timers.js:365:14)
    at tryOnTimeout (timers.js:237:5)
    at Timer.listOnTimeout (timers.js:207:5)
name: 'ClusterClientNoResponseError'
pid: 1159
hostname: 192.168.1.4

