2017-06-20 00:00:00,814 INFO 4870 [egg-logrotator] app logger reload: got log-reload message
2017-06-20 10:29:49,123 INFO 796 [egg:logger] init all loggers with options: {"dir":"/Users/wujunyi/Desktop/node/docLabel/docServer/logs/eggRest","encoding":"utf8","env":"local","level":"INFO","consoleLevel":"INFO","outputJSON":false,"buffer":true,"appLogName":"eggRest-web.log","coreLogName":"egg-web.log","agentLogName":"egg-agent.log","errorLogName":"common-error.log","coreLogger":{"consoleLevel":"WARN"},"type":"application"}
2017-06-20 10:29:49,174 INFO 796 [egg-schedule]: register schedule egg-schedule:/Users/wujunyi/Desktop/node/docLabel/docServer/node_modules/.2.2.2@egg-logrotator/app/schedule/clean_log.js
2017-06-20 10:29:49,175 INFO 796 [egg-schedule]: register schedule egg-schedule:/Users/wujunyi/Desktop/node/docLabel/docServer/node_modules/.2.2.2@egg-logrotator/app/schedule/rotate_by_file.js
2017-06-20 10:29:49,406 INFO 796 [egg-mongoose] connecting mongodb://127.0.0.1/docLabel
2017-06-20 10:29:49,801 INFO 796 [当前 SDK 使用配置] => { appId: '', appSecret: '' }
2017-06-20 10:29:49,801 INFO 796 read data ok
2017-06-20 10:29:50,178 INFO 796 [egg-static] starting static serve /public/ -> /Users/wujunyi/Desktop/node/docLabel/docServer/app/public
2017-06-20 10:29:50,421 INFO 796 [egg-mongoose] starting...
2017-06-20 10:29:50,449 INFO 796 [egg-watcher:app] watcher start success
2017-06-20 10:29:50,458 INFO 796 [egg-mongoose] mongodb://127.0.0.1/docLabel connected successfully
2017-06-20 10:29:50,467 INFO 796 [egg-mongoose] start successfully and server status is ok
2017-06-20 11:10:11,157 INFO 906 [egg:logger] init all loggers with options: {"dir":"/Users/wujunyi/Desktop/node/docLabel/docServer/logs/eggRest","encoding":"utf8","env":"local","level":"INFO","consoleLevel":"INFO","outputJSON":false,"buffer":true,"appLogName":"eggRest-web.log","coreLogName":"egg-web.log","agentLogName":"egg-agent.log","errorLogName":"common-error.log","coreLogger":{"consoleLevel":"WARN"},"type":"application"}
2017-06-20 11:10:11,213 INFO 906 [egg-schedule]: register schedule egg-schedule:/Users/wujunyi/Desktop/node/docLabel/docServer/node_modules/.2.2.2@egg-logrotator/app/schedule/clean_log.js
2017-06-20 11:10:11,213 INFO 906 [egg-schedule]: register schedule egg-schedule:/Users/wujunyi/Desktop/node/docLabel/docServer/node_modules/.2.2.2@egg-logrotator/app/schedule/rotate_by_file.js
2017-06-20 11:10:11,617 INFO 906 [egg-mongoose] connecting mongodb://127.0.0.1/docLabel
2017-06-20 11:10:12,076 INFO 906 [当前 SDK 使用配置] => { appId: '', appSecret: '' }
2017-06-20 11:10:12,076 INFO 906 read data ok
2017-06-20 11:10:12,483 INFO 906 [egg-static] starting static serve /public/ -> /Users/wujunyi/Desktop/node/docLabel/docServer/app/public
2017-06-20 11:10:12,714 INFO 906 [egg-mongoose] starting...
2017-06-20 11:10:12,758 INFO 906 [egg-watcher:app] watcher start success
2017-06-20 11:10:12,764 INFO 906 [egg-mongoose] mongodb://127.0.0.1/docLabel connected successfully
2017-06-20 11:10:12,774 INFO 906 [egg-mongoose] start successfully and server status is ok
2017-06-20 11:10:19,480 INFO 907 [egg:logger] init all loggers with options: {"dir":"/Users/wujunyi/Desktop/node/docLabel/docServer/logs/eggRest","encoding":"utf8","env":"local","level":"INFO","consoleLevel":"INFO","outputJSON":false,"buffer":true,"appLogName":"eggRest-web.log","coreLogName":"egg-web.log","agentLogName":"egg-agent.log","errorLogName":"common-error.log","coreLogger":{"consoleLevel":"WARN"},"type":"application"}
2017-06-20 11:10:19,527 INFO 907 [egg-schedule]: register schedule egg-schedule:/Users/wujunyi/Desktop/node/docLabel/docServer/node_modules/.2.2.2@egg-logrotator/app/schedule/clean_log.js
2017-06-20 11:10:19,527 INFO 907 [egg-schedule]: register schedule egg-schedule:/Users/wujunyi/Desktop/node/docLabel/docServer/node_modules/.2.2.2@egg-logrotator/app/schedule/rotate_by_file.js
2017-06-20 11:10:19,833 INFO 907 [egg-mongoose] connecting mongodb://127.0.0.1/docLabel
2017-06-20 11:10:20,174 INFO 907 [当前 SDK 使用配置] => { appId: '', appSecret: '' }
2017-06-20 11:10:20,174 INFO 907 read data ok
2017-06-20 11:10:20,496 INFO 907 [egg-static] starting static serve /public/ -> /Users/wujunyi/Desktop/node/docLabel/docServer/app/public
2017-06-20 11:10:20,644 INFO 907 [egg-mongoose] starting...
2017-06-20 11:10:20,685 INFO 907 [egg-watcher:app] watcher start success
2017-06-20 11:10:20,692 INFO 907 [egg-mongoose] mongodb://127.0.0.1/docLabel connected successfully
2017-06-20 11:10:20,699 INFO 907 [egg-mongoose] start successfully and server status is ok
2017-06-20 11:11:15,345 INFO 909 [egg:logger] init all loggers with options: {"dir":"/Users/wujunyi/Desktop/node/docLabel/docServer/logs/eggRest","encoding":"utf8","env":"local","level":"INFO","consoleLevel":"INFO","outputJSON":false,"buffer":true,"appLogName":"eggRest-web.log","coreLogName":"egg-web.log","agentLogName":"egg-agent.log","errorLogName":"common-error.log","coreLogger":{"consoleLevel":"WARN"},"type":"application"}
2017-06-20 11:11:15,397 INFO 909 [egg-schedule]: register schedule egg-schedule:/Users/wujunyi/Desktop/node/docLabel/docServer/node_modules/.2.2.2@egg-logrotator/app/schedule/clean_log.js
2017-06-20 11:11:15,397 INFO 909 [egg-schedule]: register schedule egg-schedule:/Users/wujunyi/Desktop/node/docLabel/docServer/node_modules/.2.2.2@egg-logrotator/app/schedule/rotate_by_file.js
2017-06-20 11:11:15,647 INFO 909 [egg-mongoose] connecting mongodb://127.0.0.1/docLabel
2017-06-20 11:11:16,044 INFO 909 [当前 SDK 使用配置] => { appId: '', appSecret: '' }
2017-06-20 11:11:16,045 INFO 909 read data ok
2017-06-20 11:11:16,357 INFO 909 [egg-static] starting static serve /public/ -> /Users/wujunyi/Desktop/node/docLabel/docServer/app/public
2017-06-20 11:11:16,502 INFO 909 [egg-mongoose] starting...
2017-06-20 11:11:16,532 INFO 909 [egg-watcher:app] watcher start success
2017-06-20 11:11:16,538 INFO 909 [egg-mongoose] mongodb://127.0.0.1/docLabel connected successfully
2017-06-20 11:11:16,546 INFO 909 [egg-mongoose] start successfully and server status is ok
2017-06-20 14:28:49,398 INFO 1300 [egg:logger] init all loggers with options: {"dir":"/Users/wujunyi/Desktop/node/docLabel/docServer/logs/eggRest","encoding":"utf8","env":"local","level":"INFO","consoleLevel":"INFO","outputJSON":false,"buffer":true,"appLogName":"eggRest-web.log","coreLogName":"egg-web.log","agentLogName":"egg-agent.log","errorLogName":"common-error.log","coreLogger":{"consoleLevel":"WARN"},"type":"application"}
2017-06-20 14:28:49,442 INFO 1300 [egg-schedule]: register schedule egg-schedule:/Users/wujunyi/Desktop/node/docLabel/docServer/node_modules/.2.2.2@egg-logrotator/app/schedule/clean_log.js
2017-06-20 14:28:49,442 INFO 1300 [egg-schedule]: register schedule egg-schedule:/Users/wujunyi/Desktop/node/docLabel/docServer/node_modules/.2.2.2@egg-logrotator/app/schedule/rotate_by_file.js
2017-06-20 14:28:49,674 INFO 1300 [egg-mongoose] connecting mongodb://127.0.0.1/docLabel
2017-06-20 14:28:50,129 INFO 1300 [当前 SDK 使用配置] => { appId: '', appSecret: '' }
2017-06-20 14:28:50,130 INFO 1300 read data ok
2017-06-20 14:28:50,536 INFO 1300 [egg-static] starting static serve /public/ -> /Users/wujunyi/Desktop/node/docLabel/docServer/app/public
2017-06-20 14:28:50,831 INFO 1300 [egg-mongoose] starting...
2017-06-20 14:28:50,884 INFO 1300 [egg-watcher:app] watcher start success
2017-06-20 14:28:50,893 INFO 1300 [egg-mongoose] mongodb://127.0.0.1/docLabel connected successfully
2017-06-20 14:28:50,902 INFO 1300 [egg-mongoose] start successfully and server status is ok
2017-06-20 15:42:59,858 INFO 1522 [egg:logger] init all loggers with options: {"dir":"/Users/wujunyi/Desktop/node/docLabel/docServer/logs/eggRest","encoding":"utf8","env":"local","level":"INFO","consoleLevel":"INFO","outputJSON":false,"buffer":true,"appLogName":"eggRest-web.log","coreLogName":"egg-web.log","agentLogName":"egg-agent.log","errorLogName":"common-error.log","coreLogger":{"consoleLevel":"WARN"},"type":"application"}
2017-06-20 15:42:59,906 INFO 1522 [egg-schedule]: register schedule egg-schedule:/Users/wujunyi/Desktop/node/docLabel/docServer/node_modules/.2.2.2@egg-logrotator/app/schedule/clean_log.js
2017-06-20 15:42:59,906 INFO 1522 [egg-schedule]: register schedule egg-schedule:/Users/wujunyi/Desktop/node/docLabel/docServer/node_modules/.2.2.2@egg-logrotator/app/schedule/rotate_by_file.js
2017-06-20 15:43:00,124 INFO 1522 [egg-mongoose] connecting mongodb://127.0.0.1/docLabel
2017-06-20 15:43:00,512 INFO 1522 [当前 SDK 使用配置] => { appId: '', appSecret: '' }
2017-06-20 15:43:00,512 INFO 1522 read data ok
2017-06-20 15:43:00,974 INFO 1522 [egg-static] starting static serve /public/ -> /Users/wujunyi/Desktop/node/docLabel/docServer/app/public
2017-06-20 15:43:01,217 INFO 1522 [egg-mongoose] starting...
2017-06-20 15:43:01,256 INFO 1522 [egg-watcher:app] watcher start success
2017-06-20 15:43:01,264 INFO 1522 [egg-mongoose] mongodb://127.0.0.1/docLabel connected successfully
2017-06-20 15:43:01,275 INFO 1522 [egg-mongoose] start successfully and server status is ok
2017-06-20 15:43:55,874 INFO 1524 [egg:logger] init all loggers with options: {"dir":"/Users/wujunyi/Desktop/node/docLabel/docServer/logs/eggRest","encoding":"utf8","env":"local","level":"INFO","consoleLevel":"INFO","outputJSON":false,"buffer":true,"appLogName":"eggRest-web.log","coreLogName":"egg-web.log","agentLogName":"egg-agent.log","errorLogName":"common-error.log","coreLogger":{"consoleLevel":"WARN"},"type":"application"}
2017-06-20 15:43:55,924 INFO 1524 [egg-schedule]: register schedule egg-schedule:/Users/wujunyi/Desktop/node/docLabel/docServer/node_modules/.2.2.2@egg-logrotator/app/schedule/clean_log.js
2017-06-20 15:43:55,924 INFO 1524 [egg-schedule]: register schedule egg-schedule:/Users/wujunyi/Desktop/node/docLabel/docServer/node_modules/.2.2.2@egg-logrotator/app/schedule/rotate_by_file.js
2017-06-20 15:43:56,293 INFO 1524 [egg-mongoose] connecting mongodb://127.0.0.1/docLabel
2017-06-20 15:43:56,688 INFO 1524 [当前 SDK 使用配置] => { appId: '', appSecret: '' }
2017-06-20 15:43:56,688 INFO 1524 read data ok
2017-06-20 15:43:57,058 INFO 1524 [egg-static] starting static serve /public/ -> /Users/wujunyi/Desktop/node/docLabel/docServer/app/public
2017-06-20 15:43:57,267 INFO 1524 [egg-mongoose] starting...
2017-06-20 15:43:57,306 INFO 1524 [egg-watcher:app] watcher start success
2017-06-20 15:43:57,312 INFO 1524 [egg-mongoose] mongodb://127.0.0.1/docLabel connected successfully
2017-06-20 15:43:57,320 INFO 1524 [egg-mongoose] start successfully and server status is ok
2017-06-20 15:49:23,138 INFO 1579 [egg:logger] init all loggers with options: {"dir":"/Users/wujunyi/Desktop/node/docLabel/docServer/logs/eggRest","encoding":"utf8","env":"local","level":"INFO","consoleLevel":"INFO","outputJSON":false,"buffer":true,"appLogName":"eggRest-web.log","coreLogName":"egg-web.log","agentLogName":"egg-agent.log","errorLogName":"common-error.log","coreLogger":{"consoleLevel":"WARN"},"type":"application"}
2017-06-20 15:49:23,189 INFO 1579 [egg-schedule]: register schedule egg-schedule:/Users/wujunyi/Desktop/node/docLabel/docServer/node_modules/.2.2.2@egg-logrotator/app/schedule/clean_log.js
2017-06-20 15:49:23,189 INFO 1579 [egg-schedule]: register schedule egg-schedule:/Users/wujunyi/Desktop/node/docLabel/docServer/node_modules/.2.2.2@egg-logrotator/app/schedule/rotate_by_file.js
2017-06-20 15:49:23,422 INFO 1579 [egg-mongoose] connecting mongodb://127.0.0.1/docLabel
2017-06-20 15:49:23,828 INFO 1579 [当前 SDK 使用配置] => { appId: '', appSecret: '' }
2017-06-20 15:49:23,828 INFO 1579 read data ok
2017-06-20 15:49:24,214 INFO 1579 [egg-static] starting static serve /public/ -> /Users/wujunyi/Desktop/node/docLabel/docServer/app/public
2017-06-20 15:49:24,425 INFO 1579 [egg-mongoose] starting...
2017-06-20 15:49:24,463 INFO 1579 [egg-watcher:app] watcher start success
2017-06-20 15:49:24,471 INFO 1579 [egg-mongoose] mongodb://127.0.0.1/docLabel connected successfully
2017-06-20 15:49:24,480 INFO 1579 [egg-mongoose] start successfully and server status is ok
2017-06-20 15:50:09,221 INFO 1588 [egg:logger] init all loggers with options: {"dir":"/Users/wujunyi/Desktop/node/docLabel/docServer/logs/eggRest","encoding":"utf8","env":"local","level":"INFO","consoleLevel":"INFO","outputJSON":false,"buffer":true,"appLogName":"eggRest-web.log","coreLogName":"egg-web.log","agentLogName":"egg-agent.log","errorLogName":"common-error.log","coreLogger":{"consoleLevel":"WARN"},"type":"application"}
2017-06-20 15:50:09,270 INFO 1588 [egg-schedule]: register schedule egg-schedule:/Users/wujunyi/Desktop/node/docLabel/docServer/node_modules/.2.2.2@egg-logrotator/app/schedule/clean_log.js
2017-06-20 15:50:09,270 INFO 1588 [egg-schedule]: register schedule egg-schedule:/Users/wujunyi/Desktop/node/docLabel/docServer/node_modules/.2.2.2@egg-logrotator/app/schedule/rotate_by_file.js
2017-06-20 15:50:09,496 INFO 1588 [egg-mongoose] connecting mongodb://127.0.0.1/docLabel
2017-06-20 15:50:09,872 INFO 1588 [当前 SDK 使用配置] => { appId: '', appSecret: '' }
2017-06-20 15:50:09,872 INFO 1588 read data ok
2017-06-20 15:50:10,236 INFO 1588 [egg-static] starting static serve /public/ -> /Users/wujunyi/Desktop/node/docLabel/docServer/app/public
2017-06-20 15:50:10,452 INFO 1588 [egg-mongoose] starting...
2017-06-20 15:50:10,498 INFO 1588 [egg-watcher:app] watcher start success
2017-06-20 15:50:10,505 INFO 1588 [egg-mongoose] mongodb://127.0.0.1/docLabel connected successfully
2017-06-20 15:50:10,524 INFO 1588 [egg-mongoose] start successfully and server status is ok
2017-06-20 15:53:58,613 INFO 1629 [egg:logger] init all loggers with options: {"dir":"/Users/wujunyi/Desktop/node/docLabel/docServer/logs/eggRest","encoding":"utf8","env":"local","level":"INFO","consoleLevel":"INFO","outputJSON":false,"buffer":true,"appLogName":"eggRest-web.log","coreLogName":"egg-web.log","agentLogName":"egg-agent.log","errorLogName":"common-error.log","coreLogger":{"consoleLevel":"WARN"},"type":"application"}
2017-06-20 15:53:58,655 INFO 1629 [egg-schedule]: register schedule egg-schedule:/Users/wujunyi/Desktop/node/docLabel/docServer/node_modules/.2.2.2@egg-logrotator/app/schedule/clean_log.js
2017-06-20 15:53:58,655 INFO 1629 [egg-schedule]: register schedule egg-schedule:/Users/wujunyi/Desktop/node/docLabel/docServer/node_modules/.2.2.2@egg-logrotator/app/schedule/rotate_by_file.js
2017-06-20 15:53:58,888 INFO 1629 [egg-mongoose] connecting mongodb://127.0.0.1/docLabel
2017-06-20 15:53:59,155 INFO 1629 [当前 SDK 使用配置] => { appId: '', appSecret: '' }
2017-06-20 15:53:59,155 INFO 1629 read data ok
2017-06-20 15:53:59,540 INFO 1629 [egg-static] starting static serve /public/ -> /Users/wujunyi/Desktop/node/docLabel/docServer/app/public
2017-06-20 15:53:59,758 INFO 1629 [egg-mongoose] starting...
2017-06-20 15:53:59,795 INFO 1629 [egg-watcher:app] watcher start success
2017-06-20 15:53:59,803 INFO 1629 [egg-mongoose] mongodb://127.0.0.1/docLabel connected successfully
2017-06-20 15:53:59,816 INFO 1629 [egg-mongoose] start successfully and server status is ok
2017-06-20 15:58:59,267 INFO 1647 [egg:logger] init all loggers with options: {"dir":"/Users/wujunyi/Desktop/node/docLabel/docServer/logs/eggRest","encoding":"utf8","env":"local","level":"INFO","consoleLevel":"INFO","outputJSON":false,"buffer":true,"appLogName":"eggRest-web.log","coreLogName":"egg-web.log","agentLogName":"egg-agent.log","errorLogName":"common-error.log","coreLogger":{"consoleLevel":"WARN"},"type":"application"}
2017-06-20 15:58:59,316 INFO 1647 [egg-schedule]: register schedule egg-schedule:/Users/wujunyi/Desktop/node/docLabel/docServer/node_modules/.2.2.2@egg-logrotator/app/schedule/clean_log.js
2017-06-20 15:58:59,316 INFO 1647 [egg-schedule]: register schedule egg-schedule:/Users/wujunyi/Desktop/node/docLabel/docServer/node_modules/.2.2.2@egg-logrotator/app/schedule/rotate_by_file.js
2017-06-20 15:58:59,538 INFO 1647 [egg-mongoose] connecting mongodb://127.0.0.1/docLabel
2017-06-20 15:58:59,915 INFO 1647 [当前 SDK 使用配置] => { appId: '', appSecret: '' }
2017-06-20 15:58:59,915 INFO 1647 read data ok
2017-06-20 15:59:00,284 INFO 1647 [egg-static] starting static serve /public/ -> /Users/wujunyi/Desktop/node/docLabel/docServer/app/public
2017-06-20 15:59:00,509 INFO 1647 [egg-mongoose] starting...
2017-06-20 15:59:00,555 INFO 1647 [egg-watcher:app] watcher start success
2017-06-20 15:59:00,564 INFO 1647 [egg-mongoose] mongodb://127.0.0.1/docLabel connected successfully
2017-06-20 15:59:00,582 INFO 1647 [egg-mongoose] start successfully and server status is ok
2017-06-20 15:59:37,526 INFO 1653 [egg:logger] init all loggers with options: {"dir":"/Users/wujunyi/Desktop/node/docLabel/docServer/logs/eggRest","encoding":"utf8","env":"local","level":"INFO","consoleLevel":"INFO","outputJSON":false,"buffer":true,"appLogName":"eggRest-web.log","coreLogName":"egg-web.log","agentLogName":"egg-agent.log","errorLogName":"common-error.log","coreLogger":{"consoleLevel":"WARN"},"type":"application"}
2017-06-20 15:59:37,574 INFO 1653 [egg-schedule]: register schedule egg-schedule:/Users/wujunyi/Desktop/node/docLabel/docServer/node_modules/.2.2.2@egg-logrotator/app/schedule/clean_log.js
2017-06-20 15:59:37,574 INFO 1653 [egg-schedule]: register schedule egg-schedule:/Users/wujunyi/Desktop/node/docLabel/docServer/node_modules/.2.2.2@egg-logrotator/app/schedule/rotate_by_file.js
2017-06-20 15:59:37,805 INFO 1653 [egg-mongoose] connecting mongodb://127.0.0.1/docLabel
2017-06-20 15:59:38,091 INFO 1653 [当前 SDK 使用配置] => { appId: '', appSecret: '' }
2017-06-20 15:59:38,091 INFO 1653 read data ok
2017-06-20 15:59:38,387 INFO 1653 [egg-static] starting static serve /public/ -> /Users/wujunyi/Desktop/node/docLabel/docServer/app/public
2017-06-20 15:59:38,535 INFO 1653 [egg-mongoose] starting...
2017-06-20 15:59:38,572 INFO 1653 [egg-watcher:app] watcher start success
2017-06-20 15:59:38,581 INFO 1653 [egg-mongoose] mongodb://127.0.0.1/docLabel connected successfully
2017-06-20 15:59:38,595 INFO 1653 [egg-mongoose] start successfully and server status is ok
2017-06-20 16:48:26,069 INFO 1827 [egg:logger] init all loggers with options: {"dir":"/Users/wujunyi/Desktop/node/docLabel/docServer/logs/eggRest","encoding":"utf8","env":"local","level":"INFO","consoleLevel":"INFO","outputJSON":false,"buffer":true,"appLogName":"eggRest-web.log","coreLogName":"egg-web.log","agentLogName":"egg-agent.log","errorLogName":"common-error.log","coreLogger":{"consoleLevel":"WARN"},"type":"application"}
2017-06-20 16:48:26,133 INFO 1827 [egg-schedule]: register schedule egg-schedule:/Users/wujunyi/Desktop/node/docLabel/docServer/node_modules/.2.2.2@egg-logrotator/app/schedule/clean_log.js
2017-06-20 16:48:26,134 INFO 1827 [egg-schedule]: register schedule egg-schedule:/Users/wujunyi/Desktop/node/docLabel/docServer/node_modules/.2.2.2@egg-logrotator/app/schedule/rotate_by_file.js
2017-06-20 16:48:26,516 INFO 1827 [egg-mongoose] connecting mongodb://127.0.0.1/docLabel
2017-06-20 16:48:26,935 INFO 1827 [当前 SDK 使用配置] => { appId: '', appSecret: '' }
2017-06-20 16:48:26,936 INFO 1827 read data ok
2017-06-20 16:48:27,332 INFO 1827 [egg-static] starting static serve /public/ -> /Users/wujunyi/Desktop/node/docLabel/docServer/app/public
2017-06-20 16:48:27,595 INFO 1827 [egg-mongoose] starting...
2017-06-20 16:48:27,623 INFO 1827 [egg-watcher:app] watcher start success
2017-06-20 16:48:27,630 INFO 1827 [egg-mongoose] mongodb://127.0.0.1/docLabel connected successfully
2017-06-20 16:48:27,640 INFO 1827 [egg-mongoose] start successfully and server status is ok
2017-06-20 16:48:57,229 INFO 1837 [egg:logger] init all loggers with options: {"dir":"/Users/wujunyi/Desktop/node/docLabel/docServer/logs/eggRest","encoding":"utf8","env":"local","level":"INFO","consoleLevel":"INFO","outputJSON":false,"buffer":true,"appLogName":"eggRest-web.log","coreLogName":"egg-web.log","agentLogName":"egg-agent.log","errorLogName":"common-error.log","coreLogger":{"consoleLevel":"WARN"},"type":"application"}
2017-06-20 16:48:57,279 INFO 1837 [egg-schedule]: register schedule egg-schedule:/Users/wujunyi/Desktop/node/docLabel/docServer/node_modules/.2.2.2@egg-logrotator/app/schedule/clean_log.js
2017-06-20 16:48:57,279 INFO 1837 [egg-schedule]: register schedule egg-schedule:/Users/wujunyi/Desktop/node/docLabel/docServer/node_modules/.2.2.2@egg-logrotator/app/schedule/rotate_by_file.js
2017-06-20 16:48:57,491 INFO 1837 [egg-mongoose] connecting mongodb://127.0.0.1/docLabel
2017-06-20 16:48:57,861 INFO 1837 [当前 SDK 使用配置] => { appId: '', appSecret: '' }
2017-06-20 16:48:57,861 INFO 1837 read data ok
2017-06-20 16:48:58,214 INFO 1837 [egg-static] starting static serve /public/ -> /Users/wujunyi/Desktop/node/docLabel/docServer/app/public
2017-06-20 16:48:58,458 INFO 1837 [egg-mongoose] starting...
2017-06-20 16:48:58,484 INFO 1837 [egg-watcher:app] watcher start success
2017-06-20 16:48:58,492 INFO 1837 [egg-mongoose] mongodb://127.0.0.1/docLabel connected successfully
2017-06-20 16:48:58,505 INFO 1837 [egg-mongoose] start successfully and server status is ok
2017-06-20 16:49:10,929 INFO 1845 [egg:logger] init all loggers with options: {"dir":"/Users/wujunyi/Desktop/node/docLabel/docServer/logs/eggRest","encoding":"utf8","env":"local","level":"INFO","consoleLevel":"INFO","outputJSON":false,"buffer":true,"appLogName":"eggRest-web.log","coreLogName":"egg-web.log","agentLogName":"egg-agent.log","errorLogName":"common-error.log","coreLogger":{"consoleLevel":"WARN"},"type":"application"}
2017-06-20 16:49:10,974 INFO 1845 [egg-schedule]: register schedule egg-schedule:/Users/wujunyi/Desktop/node/docLabel/docServer/node_modules/.2.2.2@egg-logrotator/app/schedule/clean_log.js
2017-06-20 16:49:10,974 INFO 1845 [egg-schedule]: register schedule egg-schedule:/Users/wujunyi/Desktop/node/docLabel/docServer/node_modules/.2.2.2@egg-logrotator/app/schedule/rotate_by_file.js
2017-06-20 16:49:11,200 INFO 1845 [egg-mongoose] connecting mongodb://127.0.0.1/docLabel
2017-06-20 16:49:11,474 INFO 1845 [当前 SDK 使用配置] => { appId: '', appSecret: '' }
2017-06-20 16:49:11,474 INFO 1845 read data ok
2017-06-20 16:49:11,775 INFO 1845 [egg-static] starting static serve /public/ -> /Users/wujunyi/Desktop/node/docLabel/docServer/app/public
2017-06-20 16:49:11,934 INFO 1845 [egg-mongoose] starting...
2017-06-20 16:49:11,970 INFO 1845 [egg-watcher:app] watcher start success
2017-06-20 16:49:11,981 INFO 1845 [egg-mongoose] mongodb://127.0.0.1/docLabel connected successfully
2017-06-20 16:49:11,996 INFO 1845 [egg-mongoose] start successfully and server status is ok
2017-06-20 16:49:37,250 INFO 1854 [egg:logger] init all loggers with options: {"dir":"/Users/wujunyi/Desktop/node/docLabel/docServer/logs/eggRest","encoding":"utf8","env":"local","level":"INFO","consoleLevel":"INFO","outputJSON":false,"buffer":true,"appLogName":"eggRest-web.log","coreLogName":"egg-web.log","agentLogName":"egg-agent.log","errorLogName":"common-error.log","coreLogger":{"consoleLevel":"WARN"},"type":"application"}
2017-06-20 16:49:37,293 INFO 1854 [egg-schedule]: register schedule egg-schedule:/Users/wujunyi/Desktop/node/docLabel/docServer/node_modules/.2.2.2@egg-logrotator/app/schedule/clean_log.js
2017-06-20 16:49:37,294 INFO 1854 [egg-schedule]: register schedule egg-schedule:/Users/wujunyi/Desktop/node/docLabel/docServer/node_modules/.2.2.2@egg-logrotator/app/schedule/rotate_by_file.js
2017-06-20 16:49:37,519 INFO 1854 [egg-mongoose] connecting mongodb://127.0.0.1/docLabel
2017-06-20 16:49:37,788 INFO 1854 [当前 SDK 使用配置] => { appId: '', appSecret: '' }
2017-06-20 16:49:37,788 INFO 1854 read data ok
2017-06-20 16:49:38,086 INFO 1854 [egg-static] starting static serve /public/ -> /Users/wujunyi/Desktop/node/docLabel/docServer/app/public
2017-06-20 16:49:38,239 INFO 1854 [egg-mongoose] starting...
2017-06-20 16:49:38,287 INFO 1854 [egg-watcher:app] watcher start success
2017-06-20 16:49:38,297 INFO 1854 [egg-mongoose] mongodb://127.0.0.1/docLabel connected successfully
2017-06-20 16:49:38,310 INFO 1854 [egg-mongoose] start successfully and server status is ok
2017-06-20 16:49:58,203 INFO 1862 [egg:logger] init all loggers with options: {"dir":"/Users/wujunyi/Desktop/node/docLabel/docServer/logs/eggRest","encoding":"utf8","env":"local","level":"INFO","consoleLevel":"INFO","outputJSON":false,"buffer":true,"appLogName":"eggRest-web.log","coreLogName":"egg-web.log","agentLogName":"egg-agent.log","errorLogName":"common-error.log","coreLogger":{"consoleLevel":"WARN"},"type":"application"}
2017-06-20 16:49:58,247 INFO 1862 [egg-schedule]: register schedule egg-schedule:/Users/wujunyi/Desktop/node/docLabel/docServer/node_modules/.2.2.2@egg-logrotator/app/schedule/clean_log.js
2017-06-20 16:49:58,248 INFO 1862 [egg-schedule]: register schedule egg-schedule:/Users/wujunyi/Desktop/node/docLabel/docServer/node_modules/.2.2.2@egg-logrotator/app/schedule/rotate_by_file.js
2017-06-20 16:49:58,474 INFO 1862 [egg-mongoose] connecting mongodb://127.0.0.1/docLabel
2017-06-20 16:49:58,746 INFO 1862 [当前 SDK 使用配置] => { appId: '', appSecret: '' }
2017-06-20 16:49:58,746 INFO 1862 read data ok
2017-06-20 16:49:59,050 INFO 1862 [egg-static] starting static serve /public/ -> /Users/wujunyi/Desktop/node/docLabel/docServer/app/public
2017-06-20 16:49:59,197 INFO 1862 [egg-mongoose] starting...
2017-06-20 16:49:59,237 INFO 1862 [egg-watcher:app] watcher start success
2017-06-20 16:49:59,245 INFO 1862 [egg-mongoose] mongodb://127.0.0.1/docLabel connected successfully
2017-06-20 16:49:59,259 INFO 1862 [egg-mongoose] start successfully and server status is ok
